2025-09-02 16:25:43 INFO  c.b.c.m.MicroserviceCuentaMovimientosApplication - Starting MicroserviceCuentaMovimientosApplication using Java 17.0.7 on NTTUIO016131L with PID 34840 (C:\Users\jozapata\projects\banca\microservice-cuenta-movimientos\target\classes started by jozapata in C:\Users\jozapata\projects\banca\microservice-cuenta-movimientos)
2025-09-02 16:25:43 INFO  c.b.c.m.MicroserviceCuentaMovimientosApplication - No active profile set, falling back to 1 default profile: "default"
2025-09-02 16:25:46 INFO  o.s.d.r.c.RepositoryConfigurationDelegate - Bootstrapping Spring Data JPA repositories in DEFAULT mode.
2025-09-02 16:25:46 INFO  o.s.d.r.c.RepositoryConfigurationDelegate - Finished Spring Data repository scanning in 185 ms. Found 4 JPA repository interfaces.
2025-09-02 16:25:47 INFO  o.s.cloud.context.scope.GenericScope - BeanFactory id=6f845fd8-8f8a-3867-b78b-c0cdc3a79737
2025-09-02 16:25:48 INFO  o.s.b.w.e.tomcat.TomcatWebServer - Tomcat initialized with port(s): 8082 (http)
2025-09-02 16:25:48 INFO  o.a.coyote.http11.Http11NioProtocol - Initializing ProtocolHandler ["http-nio-8082"]
2025-09-02 16:25:48 INFO  o.a.catalina.core.StandardService - Starting service [Tomcat]
2025-09-02 16:25:48 INFO  o.a.catalina.core.StandardEngine - Starting Servlet engine: [Apache Tomcat/9.0.75]
2025-09-02 16:25:48 INFO  o.a.c.c.C.[Tomcat].[localhost].[/] - Initializing Spring embedded WebApplicationContext
2025-09-02 16:25:48 INFO  o.s.b.w.s.c.ServletWebServerApplicationContext - Root WebApplicationContext: initialization completed in 5394 ms
2025-09-02 16:25:49 INFO  o.h.jpa.internal.util.LogHelper - HHH000204: Processing PersistenceUnitInfo [name: default]
2025-09-02 16:25:49 INFO  org.hibernate.Version - HHH000412: Hibernate ORM core version 5.6.15.Final
2025-09-02 16:25:50 INFO  o.h.annotations.common.Version - HCANN000001: Hibernate Commons Annotations {5.1.2.Final}
2025-09-02 16:25:50 INFO  com.zaxxer.hikari.HikariDataSource - HikariPool-1 - Starting...
2025-09-02 16:25:51 INFO  com.zaxxer.hikari.HikariDataSource - HikariPool-1 - Start completed.
2025-09-02 16:25:51 INFO  org.hibernate.dialect.Dialect - HHH000400: Using dialect: org.hibernate.dialect.SQLServerDialect
2025-09-02 16:25:52 INFO  o.h.e.t.j.p.i.JtaPlatformInitiator - HHH000490: Using JtaPlatform implementation: [org.hibernate.engine.transaction.jta.platform.internal.NoJtaPlatform]
2025-09-02 16:25:52 INFO  o.s.o.j.LocalContainerEntityManagerFactoryBean - Initialized JPA EntityManagerFactory for persistence unit 'default'
2025-09-02 16:25:53 WARN  o.s.b.a.o.j.JpaBaseConfiguration$JpaWebConfiguration - spring.jpa.open-in-view is enabled by default. Therefore, database queries may be performed during view rendering. Explicitly configure spring.jpa.open-in-view to disable this warning
2025-09-02 16:25:58 INFO  o.a.coyote.http11.Http11NioProtocol - Starting ProtocolHandler ["http-nio-8082"]
2025-09-02 16:25:59 INFO  o.s.b.w.e.tomcat.TomcatWebServer - Tomcat started on port(s): 8082 (http) with context path ''
2025-09-02 16:26:01 INFO  c.b.c.m.MicroserviceCuentaMovimientosApplication - Started MicroserviceCuentaMovimientosApplication in 20.24 seconds (JVM running for 21.64)
2025-09-02 16:33:11 INFO  o.a.c.c.C.[Tomcat].[localhost].[/] - Initializing Spring DispatcherServlet 'dispatcherServlet'
2025-09-02 16:33:11 INFO  o.s.web.servlet.DispatcherServlet - Initializing Servlet 'dispatcherServlet'
2025-09-02 16:33:11 INFO  o.s.web.servlet.DispatcherServlet - Completed initialization in 5 ms
